android/app/build/intermediates/manifest_merge_blame_file/release/manifest-merger-blame-release-report.txt
1<?xml version="1.0" encoding="utf-8"?>
2<manifest xmlns:android="http://schemas.android.com/apk/res/android"
3    package="com.shree.mati"
4    android:versionCode="10103"
5    android:versionName="1.1.3" >
6
7    <uses-sdk
8        android:minSdkVersion="29"
9        android:targetSdkVersion="34" />
10
11    <uses-permission android:name="android.permission.INTERNET" />
11-->src/main/AndroidManifest.xml:3:5-67
11-->src/main/AndroidManifest.xml:3:22-64
12    <uses-permission android:name="android.permission.RECEIVE_BOOT_COMPLETED" />
12-->src/main/AndroidManifest.xml:4:5-80
12-->src/main/AndroidManifest.xml:4:22-78
13    <uses-permission android:name="android.permission.FOREGROUND_SERVICE" />
13-->src/main/AndroidManifest.xml:5:5-76
13-->src/main/AndroidManifest.xml:5:22-74
14    <uses-permission android:name="android.permission.POST_NOTIFICATIONS" />
14-->src/main/AndroidManifest.xml:6:5-76
14-->src/main/AndroidManifest.xml:6:22-74
15    <uses-permission android:name="android.permission.WRITE_EXTERNAL_STORAGE" />
15-->[:react-native-fs] AndroidManifest.xml:7:5-81
15-->[:react-native-fs] AndroidManifest.xml:7:22-78
16    <uses-permission android:name="android.permission.READ_EXTERNAL_STORAGE" />
17    <uses-permission android:name="android.permission.WAKE_LOCK" />
17-->[:react-native-firebase_messaging] AndroidManifest.xml:8:5-68
17-->[:react-native-firebase_messaging] AndroidManifest.xml:8:22-65
18    <uses-permission android:name="android.permission.ACCESS_NETWORK_STATE" /> <!-- Required to check whether Wi-Fi is enabled -->
18-->[:react-native-firebase_messaging] AndroidManifest.xml:9:5-79
18-->[:react-native-firebase_messaging] AndroidManifest.xml:9:22-76
19    <uses-permission android:name="android.permission.ACCESS_WIFI_STATE" /> <!-- Required to to download files without a notification -->
19-->[:react-native-blob-util] AndroidManifest.xml:23:5-76
19-->[:react-native-blob-util] AndroidManifest.xml:23:22-73
20    <uses-permission android:name="android.permission.DOWNLOAD_WITHOUT_NOTIFICATION" />
20-->[:react-native-blob-util] AndroidManifest.xml:32:5-88
20-->[:react-native-blob-util] AndroidManifest.xml:32:22-85
21
22    <queries>
22-->[com.aheaditec.talsec.security:TalsecSecurity-Community-ReactNative:14.0.1] AndroidManifest.xml:12:5-18:15
23        <package android:name="com.huawei.hwid" />
23-->[com.aheaditec.talsec.security:TalsecSecurity-Community-ReactNative:14.0.1] AndroidManifest.xml:13:9-51
23-->[com.aheaditec.talsec.security:TalsecSecurity-Community-ReactNative:14.0.1] AndroidManifest.xml:13:18-48
24
25        <intent>
25-->[com.aheaditec.talsec.security:TalsecSecurity-Community-ReactNative:14.0.1] AndroidManifest.xml:15:9-17:18
26            <action android:name="android.intent.action.MAIN" />
26-->src/main/AndroidManifest.xml:24:13-65
26-->src/main/AndroidManifest.xml:24:21-62
27        </intent>
28    </queries>
29
30    <uses-permission android:name="android.permission.USE_BIOMETRIC" /> <!-- suppress DeprecatedClassUsageInspection -->
30-->[androidx.biometric:biometric:1.1.0] AndroidManifest.xml:24:5-72
30-->[androidx.biometric:biometric:1.1.0] AndroidManifest.xml:24:22-69
31    <uses-permission android:name="android.permission.USE_FINGERPRINT" /> <!-- Required by older versions of Google Play services to create IID tokens -->
31-->[androidx.biometric:biometric:1.1.0] AndroidManifest.xml:27:5-74
31-->[androidx.biometric:biometric:1.1.0] AndroidManifest.xml:27:22-71
32    <uses-permission android:name="com.google.android.c2dm.permission.RECEIVE" />
32-->[com.google.firebase:firebase-messaging:24.1.1] AndroidManifest.xml:26:5-82
32-->[com.google.firebase:firebase-messaging:24.1.1] AndroidManifest.xml:26:22-79
33
34    <permission
34-->[androidx.core:core:1.13.0] AndroidManifest.xml:22:5-24:47
35        android:name="com.shree.mati.DYNAMIC_RECEIVER_NOT_EXPORTED_PERMISSION"
35-->[androidx.core:core:1.13.0] AndroidManifest.xml:23:9-81
36        android:protectionLevel="signature" />
36-->[androidx.core:core:1.13.0] AndroidManifest.xml:24:9-44
37
38    <uses-permission android:name="com.shree.mati.DYNAMIC_RECEIVER_NOT_EXPORTED_PERMISSION" />
38-->[androidx.core:core:1.13.0] AndroidManifest.xml:26:5-97
38-->[androidx.core:core:1.13.0] AndroidManifest.xml:26:22-94
39    <uses-permission android:name="android.permission.VIBRATE" />
39-->[app.notifee:core:202108261754] AndroidManifest.xml:13:5-66
39-->[app.notifee:core:202108261754] AndroidManifest.xml:13:22-63
40    <uses-permission android:name="android.permission.SCHEDULE_EXACT_ALARM" />
40-->[app.notifee:core:202108261754] AndroidManifest.xml:16:5-79
40-->[app.notifee:core:202108261754] AndroidManifest.xml:16:22-76
41    <uses-permission
41-->[app.notifee:core:202108261754] AndroidManifest.xml:17:5-19:38
42        android:name="android.permission.BROADCAST_CLOSE_SYSTEM_DIALOGS"
42-->[app.notifee:core:202108261754] AndroidManifest.xml:18:9-73
43        android:maxSdkVersion="30" /> <!-- For Xiaomi devices to enable heads-up notifications as default (https://github.com/invertase/notifee/issues/296) -->
43-->[app.notifee:core:202108261754] AndroidManifest.xml:19:9-35
44    <uses-permission
44-->[app.notifee:core:202108261754] AndroidManifest.xml:21:5-23:38
45        android:name="android.permission.ACCESS_NOTIFICATION_POLICY"
45-->[app.notifee:core:202108261754] AndroidManifest.xml:22:9-69
46        android:minSdkVersion="23" />
46-->[app.notifee:core:202108261754] AndroidManifest.xml:23:9-35
47    <uses-permission android:name="com.google.android.finsky.permission.BIND_GET_INSTALL_REFERRER_SERVICE" /> <!-- for android -->
47-->[com.android.installreferrer:installreferrer:1.1.2] AndroidManifest.xml:9:5-110
47-->[com.android.installreferrer:installreferrer:1.1.2] AndroidManifest.xml:9:22-107
48    <!-- <uses-permission android:name="com.android.launcher.permission.READ_SETTINGS"/> -->
49    <!-- <uses-permission android:name="com.android.launcher.permission.WRITE_SETTINGS"/> -->
50    <!-- <uses-permission android:name="com.android.launcher.permission.INSTALL_SHORTCUT" /> -->
51    <!-- <uses-permission android:name="com.android.launcher.permission.UNINSTALL_SHORTCUT" /> -->
52    <!-- for Samsung -->
53    <uses-permission android:name="com.sec.android.provider.badge.permission.READ" />
53-->[me.leolin:ShortcutBadger:1.1.22] AndroidManifest.xml:19:5-86
53-->[me.leolin:ShortcutBadger:1.1.22] AndroidManifest.xml:19:22-83
54    <uses-permission android:name="com.sec.android.provider.badge.permission.WRITE" /> <!-- for htc -->
54-->[me.leolin:ShortcutBadger:1.1.22] AndroidManifest.xml:20:5-87
54-->[me.leolin:ShortcutBadger:1.1.22] AndroidManifest.xml:20:22-84
55    <uses-permission android:name="com.htc.launcher.permission.READ_SETTINGS" />
55-->[me.leolin:ShortcutBadger:1.1.22] AndroidManifest.xml:23:5-81
55-->[me.leolin:ShortcutBadger:1.1.22] AndroidManifest.xml:23:22-78
56    <uses-permission android:name="com.htc.launcher.permission.UPDATE_SHORTCUT" /> <!-- for sony -->
56-->[me.leolin:ShortcutBadger:1.1.22] AndroidManifest.xml:24:5-83
56-->[me.leolin:ShortcutBadger:1.1.22] AndroidManifest.xml:24:22-80
57    <uses-permission android:name="com.sonyericsson.home.permission.BROADCAST_BADGE" />
57-->[me.leolin:ShortcutBadger:1.1.22] AndroidManifest.xml:27:5-88
57-->[me.leolin:ShortcutBadger:1.1.22] AndroidManifest.xml:27:22-85
58    <uses-permission android:name="com.sonymobile.home.permission.PROVIDER_INSERT_BADGE" /> <!-- for apex -->
58-->[me.leolin:ShortcutBadger:1.1.22] AndroidManifest.xml:28:5-92
58-->[me.leolin:ShortcutBadger:1.1.22] AndroidManifest.xml:28:22-89
59    <uses-permission android:name="com.anddoes.launcher.permission.UPDATE_COUNT" /> <!-- for solid -->
59-->[me.leolin:ShortcutBadger:1.1.22] AndroidManifest.xml:31:5-84
59-->[me.leolin:ShortcutBadger:1.1.22] AndroidManifest.xml:31:22-81
60    <uses-permission android:name="com.majeur.launcher.permission.UPDATE_BADGE" /> <!-- for huawei -->
60-->[me.leolin:ShortcutBadger:1.1.22] AndroidManifest.xml:34:5-83
60-->[me.leolin:ShortcutBadger:1.1.22] AndroidManifest.xml:34:22-80
61    <uses-permission android:name="com.huawei.android.launcher.permission.CHANGE_BADGE" />
61-->[me.leolin:ShortcutBadger:1.1.22] AndroidManifest.xml:37:5-91
61-->[me.leolin:ShortcutBadger:1.1.22] AndroidManifest.xml:37:22-88
62    <uses-permission android:name="com.huawei.android.launcher.permission.READ_SETTINGS" />
62-->[me.leolin:ShortcutBadger:1.1.22] AndroidManifest.xml:38:5-92
62-->[me.leolin:ShortcutBadger:1.1.22] AndroidManifest.xml:38:22-89
63    <uses-permission android:name="com.huawei.android.launcher.permission.WRITE_SETTINGS" /> <!-- for ZUK -->
63-->[me.leolin:ShortcutBadger:1.1.22] AndroidManifest.xml:39:5-93
63-->[me.leolin:ShortcutBadger:1.1.22] AndroidManifest.xml:39:22-90
64    <uses-permission android:name="android.permission.READ_APP_BADGE" /> <!-- for OPPO -->
64-->[me.leolin:ShortcutBadger:1.1.22] AndroidManifest.xml:42:5-73
64-->[me.leolin:ShortcutBadger:1.1.22] AndroidManifest.xml:42:22-70
65    <uses-permission android:name="com.oppo.launcher.permission.READ_SETTINGS" />
65-->[me.leolin:ShortcutBadger:1.1.22] AndroidManifest.xml:45:5-82
65-->[me.leolin:ShortcutBadger:1.1.22] AndroidManifest.xml:45:22-79
66    <uses-permission android:name="com.oppo.launcher.permission.WRITE_SETTINGS" /> <!-- for EvMe -->
66-->[me.leolin:ShortcutBadger:1.1.22] AndroidManifest.xml:46:5-83
66-->[me.leolin:ShortcutBadger:1.1.22] AndroidManifest.xml:46:22-80
67    <uses-permission android:name="me.everything.badger.permission.BADGE_COUNT_READ" />
67-->[me.leolin:ShortcutBadger:1.1.22] AndroidManifest.xml:49:5-88
67-->[me.leolin:ShortcutBadger:1.1.22] AndroidManifest.xml:49:22-85
68    <uses-permission android:name="me.everything.badger.permission.BADGE_COUNT_WRITE" />
68-->[me.leolin:ShortcutBadger:1.1.22] AndroidManifest.xml:50:5-89
68-->[me.leolin:ShortcutBadger:1.1.22] AndroidManifest.xml:50:22-86
69    <uses-permission android:name="com.google.android.providers.gsf.permission.READ_GSERVICES" />
69-->[com.github.fingerprintjs:fingerprint-android:2.0.0] AndroidManifest.xml:11:5-98
69-->[com.github.fingerprintjs:fingerprint-android:2.0.0] AndroidManifest.xml:11:22-95
70
71    <application
71-->src/main/AndroidManifest.xml:9:5-28:19
72        android:name="com.shree.mati.MainApplication"
72-->src/main/AndroidManifest.xml:10:7-38
73        android:allowBackup="false"
73-->src/main/AndroidManifest.xml:14:7-34
74        android:appComponentFactory="androidx.core.app.CoreComponentFactory"
74-->[androidx.core:core:1.13.0] AndroidManifest.xml:28:18-86
75        android:extractNativeLibs="false"
76        android:icon="@mipmap/ic_launcher"
76-->src/main/AndroidManifest.xml:12:7-41
77        android:label="@string/app_name"
77-->src/main/AndroidManifest.xml:11:7-39
78        android:roundIcon="@mipmap/ic_launcher_round"
78-->src/main/AndroidManifest.xml:13:7-52
79        android:theme="@style/AppTheme" >
79-->src/main/AndroidManifest.xml:15:7-38
80        <activity
80-->src/main/AndroidManifest.xml:16:7-27:18
81            android:name="com.shree.mati.MainActivity"
81-->src/main/AndroidManifest.xml:17:9-37
82            android:configChanges="keyboard|keyboardHidden|orientation|screenLayout|screenSize|smallestScreenSize|uiMode"
82-->src/main/AndroidManifest.xml:19:9-118
83            android:exported="true"
83-->src/main/AndroidManifest.xml:22:9-32
84            android:label="@string/app_name"
84-->src/main/AndroidManifest.xml:18:9-41
85            android:launchMode="singleTask"
85-->src/main/AndroidManifest.xml:20:9-40
86            android:windowSoftInputMode="adjustResize" >
86-->src/main/AndroidManifest.xml:21:9-51
87            <intent-filter>
87-->src/main/AndroidManifest.xml:23:9-26:25
88                <action android:name="android.intent.action.MAIN" />
88-->src/main/AndroidManifest.xml:24:13-65
88-->src/main/AndroidManifest.xml:24:21-62
89
90                <category android:name="android.intent.category.LAUNCHER" />
90-->src/main/AndroidManifest.xml:25:13-73
90-->src/main/AndroidManifest.xml:25:23-70
91            </intent-filter>
92        </activity>
93
94        <provider
94-->[:notifee_react-native] AndroidManifest.xml:8:9-12:40
95            android:name="io.invertase.notifee.NotifeeInitProvider"
95-->[:notifee_react-native] AndroidManifest.xml:9:13-68
96            android:authorities="com.shree.mati.notifee-init-provider"
96-->[:notifee_react-native] AndroidManifest.xml:10:13-73
97            android:exported="false"
97-->[:notifee_react-native] AndroidManifest.xml:11:13-37
98            android:initOrder="-100" />
98-->[:notifee_react-native] AndroidManifest.xml:12:13-37
99
100        <service
100-->[:react-native-firebase_messaging] AndroidManifest.xml:12:9-14:40
101            android:name="io.invertase.firebase.messaging.ReactNativeFirebaseMessagingHeadlessService"
101-->[:react-native-firebase_messaging] AndroidManifest.xml:13:13-103
102            android:exported="false" />
102-->[:react-native-firebase_messaging] AndroidManifest.xml:14:13-37
103        <service
103-->[:react-native-firebase_messaging] AndroidManifest.xml:15:9-21:19
104            android:name="io.invertase.firebase.messaging.ReactNativeFirebaseMessagingService"
104-->[:react-native-firebase_messaging] AndroidManifest.xml:16:13-95
105            android:exported="false" >
105-->[:react-native-firebase_messaging] AndroidManifest.xml:17:13-37
106            <intent-filter>
106-->[:react-native-firebase_messaging] AndroidManifest.xml:18:13-20:29
107                <action android:name="com.google.firebase.MESSAGING_EVENT" />
107-->[:react-native-firebase_messaging] AndroidManifest.xml:19:17-78
107-->[:react-native-firebase_messaging] AndroidManifest.xml:19:25-75
108            </intent-filter>
109        </service>
110
111        <receiver
111-->[:react-native-firebase_messaging] AndroidManifest.xml:23:9-30:20
112            android:name="io.invertase.firebase.messaging.ReactNativeFirebaseMessagingReceiver"
112-->[:react-native-firebase_messaging] AndroidManifest.xml:24:13-96
113            android:exported="true"
113-->[:react-native-firebase_messaging] AndroidManifest.xml:25:13-36
114            android:permission="com.google.android.c2dm.permission.SEND" >
114-->[:react-native-firebase_messaging] AndroidManifest.xml:26:13-73
115            <intent-filter>
115-->[:react-native-firebase_messaging] AndroidManifest.xml:27:13-29:29
116                <action android:name="com.google.android.c2dm.intent.RECEIVE" />
116-->[:react-native-firebase_messaging] AndroidManifest.xml:28:17-81
116-->[:react-native-firebase_messaging] AndroidManifest.xml:28:25-78
117            </intent-filter>
118        </receiver>
119
120        <meta-data
120-->[:react-native-firebase_messaging] AndroidManifest.xml:32:9-34:37
121            android:name="delivery_metrics_exported_to_big_query_enabled"
121-->[:react-native-firebase_messaging] AndroidManifest.xml:33:13-74
122            android:value="false" />
122-->[:react-native-firebase_messaging] AndroidManifest.xml:34:13-34
123        <meta-data
123-->[:react-native-firebase_messaging] AndroidManifest.xml:35:9-37:36
124            android:name="firebase_messaging_auto_init_enabled"
124-->[:react-native-firebase_messaging] AndroidManifest.xml:36:13-64
125            android:value="true" />
125-->[:react-native-firebase_messaging] AndroidManifest.xml:37:13-33
126        <meta-data
126-->[:react-native-firebase_messaging] AndroidManifest.xml:38:9-40:37
127            android:name="firebase_messaging_notification_delegation_enabled"
127-->[:react-native-firebase_messaging] AndroidManifest.xml:39:13-78
128            android:value="false" />
128-->[:react-native-firebase_messaging] AndroidManifest.xml:40:13-34
129        <meta-data
129-->[:react-native-firebase_messaging] AndroidManifest.xml:41:9-43:32
130            android:name="com.google.firebase.messaging.default_notification_channel_id"
130-->[:react-native-firebase_messaging] AndroidManifest.xml:42:13-89
131            android:value="" />
131-->[:react-native-firebase_messaging] AndroidManifest.xml:43:13-29
132        <meta-data
132-->[:react-native-firebase_messaging] AndroidManifest.xml:44:9-46:47
133            android:name="com.google.firebase.messaging.default_notification_color"
133-->[:react-native-firebase_messaging] AndroidManifest.xml:45:13-84
134            android:resource="@color/white" />
134-->[:react-native-firebase_messaging] AndroidManifest.xml:46:13-44
135        <meta-data
135-->[:react-native-firebase_app] AndroidManifest.xml:9:9-11:36
136            android:name="app_data_collection_default_enabled"
136-->[:react-native-firebase_app] AndroidManifest.xml:10:13-63
137            android:value="true" />
137-->[:react-native-firebase_app] AndroidManifest.xml:11:13-33
138
139        <service
139-->[:react-native-firebase_app] AndroidManifest.xml:13:9-21:19
140            android:name="com.google.firebase.components.ComponentDiscoveryService"
140-->[:react-native-firebase_app] AndroidManifest.xml:14:13-84
141            android:directBootAware="true"
141-->[:react-native-firebase_app] AndroidManifest.xml:15:13-43
142            android:exported="false" >
142-->[:react-native-firebase_app] AndroidManifest.xml:16:13-37
143            <meta-data
143-->[:react-native-firebase_app] AndroidManifest.xml:18:13-20:85
144                android:name="com.google.firebase.components:io.invertase.firebase.app.ReactNativeFirebaseAppRegistrar"
144-->[:react-native-firebase_app] AndroidManifest.xml:19:17-120
145                android:value="com.google.firebase.components.ComponentRegistrar" />
145-->[:react-native-firebase_app] AndroidManifest.xml:20:17-82
146            <meta-data
146-->[com.google.firebase:firebase-messaging:24.1.1] AndroidManifest.xml:57:13-59:85
147                android:name="com.google.firebase.components:com.google.firebase.messaging.FirebaseMessagingKtxRegistrar"
147-->[com.google.firebase:firebase-messaging:24.1.1] AndroidManifest.xml:58:17-122
148                android:value="com.google.firebase.components.ComponentRegistrar" />
148-->[com.google.firebase:firebase-messaging:24.1.1] AndroidManifest.xml:59:17-82
149            <meta-data
149-->[com.google.firebase:firebase-messaging:24.1.1] AndroidManifest.xml:60:13-62:85
150                android:name="com.google.firebase.components:com.google.firebase.messaging.FirebaseMessagingRegistrar"
150-->[com.google.firebase:firebase-messaging:24.1.1] AndroidManifest.xml:61:17-119
151                android:value="com.google.firebase.components.ComponentRegistrar" />
151-->[com.google.firebase:firebase-messaging:24.1.1] AndroidManifest.xml:62:17-82
152            <meta-data
152-->[com.google.firebase:firebase-installations:18.0.0] AndroidManifest.xml:15:13-17:85
153                android:name="com.google.firebase.components:com.google.firebase.installations.FirebaseInstallationsKtxRegistrar"
153-->[com.google.firebase:firebase-installations:18.0.0] AndroidManifest.xml:16:17-130
154                android:value="com.google.firebase.components.ComponentRegistrar" />
154-->[com.google.firebase:firebase-installations:18.0.0] AndroidManifest.xml:17:17-82
155            <meta-data
155-->[com.google.firebase:firebase-installations:18.0.0] AndroidManifest.xml:18:13-20:85
156                android:name="com.google.firebase.components:com.google.firebase.installations.FirebaseInstallationsRegistrar"
156-->[com.google.firebase:firebase-installations:18.0.0] AndroidManifest.xml:19:17-127
157                android:value="com.google.firebase.components.ComponentRegistrar" />
157-->[com.google.firebase:firebase-installations:18.0.0] AndroidManifest.xml:20:17-82
158            <meta-data
158-->[com.google.firebase:firebase-common-ktx:21.0.0] AndroidManifest.xml:12:13-14:85
159                android:name="com.google.firebase.components:com.google.firebase.ktx.FirebaseCommonLegacyRegistrar"
159-->[com.google.firebase:firebase-common-ktx:21.0.0] AndroidManifest.xml:13:17-116
160                android:value="com.google.firebase.components.ComponentRegistrar" />
160-->[com.google.firebase:firebase-common-ktx:21.0.0] AndroidManifest.xml:14:17-82
161            <meta-data
161-->[com.google.firebase:firebase-common:21.0.0] AndroidManifest.xml:35:13-37:85
162                android:name="com.google.firebase.components:com.google.firebase.FirebaseCommonKtxRegistrar"
162-->[com.google.firebase:firebase-common:21.0.0] AndroidManifest.xml:36:17-109
163                android:value="com.google.firebase.components.ComponentRegistrar" />
163-->[com.google.firebase:firebase-common:21.0.0] AndroidManifest.xml:37:17-82
164            <meta-data
164-->[com.google.firebase:firebase-datatransport:18.2.0] AndroidManifest.xml:25:13-27:85
165                android:name="com.google.firebase.components:com.google.firebase.datatransport.TransportRegistrar"
165-->[com.google.firebase:firebase-datatransport:18.2.0] AndroidManifest.xml:26:17-115
166                android:value="com.google.firebase.components.ComponentRegistrar" />
166-->[com.google.firebase:firebase-datatransport:18.2.0] AndroidManifest.xml:27:17-82
167        </service>
168
169        <provider
169-->[:react-native-firebase_app] AndroidManifest.xml:23:9-27:38
170            android:name="io.invertase.firebase.app.ReactNativeFirebaseAppInitProvider"
170-->[:react-native-firebase_app] AndroidManifest.xml:24:13-88
171            android:authorities="com.shree.mati.reactnativefirebaseappinitprovider"
171-->[:react-native-firebase_app] AndroidManifest.xml:25:13-86
172            android:exported="false"
172-->[:react-native-firebase_app] AndroidManifest.xml:26:13-37
173            android:initOrder="99" />
173-->[:react-native-firebase_app] AndroidManifest.xml:27:13-35
174        <provider
174-->[:react-native-blob-util] AndroidManifest.xml:35:9-43:20
175            android:name="com.ReactNativeBlobUtil.Utils.FileProvider"
175-->[:react-native-blob-util] AndroidManifest.xml:36:13-70
176            android:authorities="com.shree.mati.provider"
176-->[:react-native-blob-util] AndroidManifest.xml:37:13-60
177            android:exported="false"
177-->[:react-native-blob-util] AndroidManifest.xml:38:13-37
178            android:grantUriPermissions="true" >
178-->[:react-native-blob-util] AndroidManifest.xml:39:13-47
179            <meta-data
179-->[:react-native-blob-util] AndroidManifest.xml:40:13-42:58
180                android:name="android.support.FILE_PROVIDER_PATHS"
180-->[:react-native-blob-util] AndroidManifest.xml:41:17-67
181                android:resource="@xml/provider_paths" />
181-->[:react-native-blob-util] AndroidManifest.xml:42:17-55
182        </provider>
183        <provider
183-->[:react-native-image-picker] AndroidManifest.xml:8:9-16:20
184            android:name="com.imagepicker.ImagePickerProvider"
184-->[:react-native-image-picker] AndroidManifest.xml:9:13-63
185            android:authorities="com.shree.mati.imagepickerprovider"
185-->[:react-native-image-picker] AndroidManifest.xml:10:13-71
186            android:exported="false"
186-->[:react-native-image-picker] AndroidManifest.xml:11:13-37
187            android:grantUriPermissions="true" >
187-->[:react-native-image-picker] AndroidManifest.xml:12:13-47
188            <meta-data
188-->[:react-native-blob-util] AndroidManifest.xml:40:13-42:58
189                android:name="android.support.FILE_PROVIDER_PATHS"
189-->[:react-native-blob-util] AndroidManifest.xml:41:17-67
190                android:resource="@xml/imagepicker_provider_paths" />
190-->[:react-native-blob-util] AndroidManifest.xml:42:17-55
191        </provider>
192        <provider
192-->[:react-native-webview] AndroidManifest.xml:8:9-16:20
193            android:name="com.reactnativecommunity.webview.RNCWebViewFileProvider"
193-->[:react-native-webview] AndroidManifest.xml:9:13-83
194            android:authorities="com.shree.mati.fileprovider"
194-->[:react-native-webview] AndroidManifest.xml:10:13-64
195            android:exported="false"
195-->[:react-native-webview] AndroidManifest.xml:11:13-37
196            android:grantUriPermissions="true" >
196-->[:react-native-webview] AndroidManifest.xml:12:13-47
197            <meta-data
197-->[:react-native-blob-util] AndroidManifest.xml:40:13-42:58
198                android:name="android.support.FILE_PROVIDER_PATHS"
198-->[:react-native-blob-util] AndroidManifest.xml:41:17-67
199                android:resource="@xml/file_provider_paths" />
199-->[:react-native-blob-util] AndroidManifest.xml:42:17-55
200        </provider>
201        <provider
201-->[androidx.work:work-runtime:2.8.0] AndroidManifest.xml:29:9-37:20
202            android:name="androidx.startup.InitializationProvider"
202-->[androidx.work:work-runtime:2.8.0] AndroidManifest.xml:30:13-67
203            android:authorities="com.shree.mati.androidx-startup"
203-->[androidx.work:work-runtime:2.8.0] AndroidManifest.xml:31:13-68
204            android:exported="false" >
204-->[androidx.work:work-runtime:2.8.0] AndroidManifest.xml:32:13-37
205            <meta-data
205-->[androidx.work:work-runtime:2.8.0] AndroidManifest.xml:34:13-36:52
206                android:name="androidx.work.WorkManagerInitializer"
206-->[androidx.work:work-runtime:2.8.0] AndroidManifest.xml:35:17-68
207                android:value="androidx.startup" />
207-->[androidx.work:work-runtime:2.8.0] AndroidManifest.xml:36:17-49
208            <meta-data
208-->[androidx.emoji2:emoji2:1.2.0] AndroidManifest.xml:29:13-31:52
209                android:name="androidx.emoji2.text.EmojiCompatInitializer"
209-->[androidx.emoji2:emoji2:1.2.0] AndroidManifest.xml:30:17-75
210                android:value="androidx.startup" />
210-->[androidx.emoji2:emoji2:1.2.0] AndroidManifest.xml:31:17-49
211            <meta-data
211-->[androidx.lifecycle:lifecycle-process:2.6.2] AndroidManifest.xml:29:13-31:52
212                android:name="androidx.lifecycle.ProcessLifecycleInitializer"
212-->[androidx.lifecycle:lifecycle-process:2.6.2] AndroidManifest.xml:30:17-78
213                android:value="androidx.startup" />
213-->[androidx.lifecycle:lifecycle-process:2.6.2] AndroidManifest.xml:31:17-49
214            <meta-data
214-->[androidx.profileinstaller:profileinstaller:1.3.0] AndroidManifest.xml:29:13-31:52
215                android:name="androidx.profileinstaller.ProfileInstallerInitializer"
215-->[androidx.profileinstaller:profileinstaller:1.3.0] AndroidManifest.xml:30:17-85
216                android:value="androidx.startup" />
216-->[androidx.profileinstaller:profileinstaller:1.3.0] AndroidManifest.xml:31:17-49
217        </provider>
218
219        <service
219-->[androidx.work:work-runtime:2.8.0] AndroidManifest.xml:39:9-45:35
220            android:name="androidx.work.impl.background.systemalarm.SystemAlarmService"
220-->[androidx.work:work-runtime:2.8.0] AndroidManifest.xml:40:13-88
221            android:directBootAware="false"
221-->[androidx.work:work-runtime:2.8.0] AndroidManifest.xml:41:13-44
222            android:enabled="@bool/enable_system_alarm_service_default"
222-->[androidx.work:work-runtime:2.8.0] AndroidManifest.xml:42:13-72
223            android:exported="false" />
223-->[androidx.work:work-runtime:2.8.0] AndroidManifest.xml:43:13-37
224        <service
224-->[androidx.work:work-runtime:2.8.0] AndroidManifest.xml:46:9-52:35
225            android:name="androidx.work.impl.background.systemjob.SystemJobService"
225-->[androidx.work:work-runtime:2.8.0] AndroidManifest.xml:47:13-84
226            android:directBootAware="false"
226-->[androidx.work:work-runtime:2.8.0] AndroidManifest.xml:48:13-44
227            android:enabled="@bool/enable_system_job_service_default"
227-->[androidx.work:work-runtime:2.8.0] AndroidManifest.xml:49:13-70
228            android:exported="true"
228-->[androidx.work:work-runtime:2.8.0] AndroidManifest.xml:50:13-36
229            android:permission="android.permission.BIND_JOB_SERVICE" />
229-->[androidx.work:work-runtime:2.8.0] AndroidManifest.xml:51:13-69
230        <service
230-->[androidx.work:work-runtime:2.8.0] AndroidManifest.xml:53:9-59:35
231            android:name="androidx.work.impl.foreground.SystemForegroundService"
231-->[androidx.work:work-runtime:2.8.0] AndroidManifest.xml:54:13-81
232            android:directBootAware="false"
232-->[androidx.work:work-runtime:2.8.0] AndroidManifest.xml:55:13-44
233            android:enabled="@bool/enable_system_foreground_service_default"
233-->[androidx.work:work-runtime:2.8.0] AndroidManifest.xml:56:13-77
234            android:exported="false" />
234-->[androidx.work:work-runtime:2.8.0] AndroidManifest.xml:57:13-37
235
236        <receiver
236-->[androidx.work:work-runtime:2.8.0] AndroidManifest.xml:61:9-66:35
237            android:name="androidx.work.impl.utils.ForceStopRunnable$BroadcastReceiver"
237-->[androidx.work:work-runtime:2.8.0] AndroidManifest.xml:62:13-88
238            android:directBootAware="false"
238-->[androidx.work:work-runtime:2.8.0] AndroidManifest.xml:63:13-44
239            android:enabled="true"
239-->[androidx.work:work-runtime:2.8.0] AndroidManifest.xml:64:13-35
240            android:exported="false" />
240-->[androidx.work:work-runtime:2.8.0] AndroidManifest.xml:65:13-37
241        <receiver
241-->[androidx.work:work-runtime:2.8.0] AndroidManifest.xml:67:9-77:20
242            android:name="androidx.work.impl.background.systemalarm.ConstraintProxy$BatteryChargingProxy"
242-->[androidx.work:work-runtime:2.8.0] AndroidManifest.xml:68:13-106
243            android:directBootAware="false"
243-->[androidx.work:work-runtime:2.8.0] AndroidManifest.xml:69:13-44
244            android:enabled="false"
244-->[androidx.work:work-runtime:2.8.0] AndroidManifest.xml:70:13-36
245            android:exported="false" >
245-->[androidx.work:work-runtime:2.8.0] AndroidManifest.xml:71:13-37
246            <intent-filter>
246-->[androidx.work:work-runtime:2.8.0] AndroidManifest.xml:73:13-76:29